[2025-07-07 19:38:35] [INFO] Starting macOS development environment setup...
[2025-07-07 19:38:35] [INFO] Validating system requirements...
[2025-07-07 19:38:35] [INFO] All dependencies are satisfied
[2025-07-07 19:38:35] [INFO] System validation passed
[2025-07-07 19:38:35] [INFO] Checking for Homebrew...
[2025-07-07 19:38:35] [INFO] Homebrew is already installed.
[2025-07-07 19:38:35] [INFO] Updating Homebrew...
[2025-07-07 19:38:35] [INFO] Checking for Docker Desktop...
[2025-07-07 19:38:35] [INFO] Docker is already installed.
[2025-07-07 19:38:35] [INFO] Checking for Git...
[2025-07-07 19:38:35] [INFO] Git is already installed.
[2025-07-07 19:38:35] [INFO] Setting up Zsh with Powerlevel10k...
[2025-07-07 19:38:35] [INFO] Installing MesloLGS NF font...
[2025-07-07 19:38:36] [INFO] Oh My Zsh is already installed.
[2025-07-07 19:38:36] [INFO] Powerlevel10k theme is already installed.
[2025-07-07 19:38:36] [INFO] Installing Zsh plugins...
[2025-07-07 19:38:36] [INFO] Updating .zshrc configuration...
[2025-07-07 19:38:36] [INFO] Backed up existing .zshrc
[2025-07-07 19:38:36] [INFO] Zsh setup completed.
[2025-07-07 19:38:36] [WARN] Please restart your terminal or run 'source ~/.zshrc' to apply changes.
[2025-07-07 19:38:36] [WARN] After restarting, run 'p10k configure' to set up your prompt.
[2025-07-07 19:38:36] [INFO] Checking for pyenv...
[2025-07-07 19:38:36] [INFO] pyenv is already installed.
[2025-07-07 19:38:36] [INFO] Setup completed successfully!
[2025-07-07 19:38:36] [WARN] Some changes may require you to restart your terminal or applications.
[2025-07-07 19:38:36] [WARN] Don't forget to allocate enough resources to Docker Desktop in its preferences.
[2025-07-07 19:38:36] [INFO] Next steps:
